Flow report for VGAlogic
Fri Mar 27 16:12:14 2015
Quartus II 32-bit Version 13.0.0 Build 156 04/24/2013 SJ Full Version


---------------------
; Table of Contents ;
---------------------
  1. Legal Notice
  2. Flow Summary
  3. Flow Settings
  4. Flow Non-Default Global Settings
  5. Flow Elapsed Time
  6. Flow OS Summary
  7. Flow Log
  8. Flow Messages
  9. Flow Suppressed Messages



----------------
; Legal Notice ;
----------------
Copyright (C) 1991-2013 Altera Corporation
Your use of Altera Corporation's design tools, logic functions 
and other software and tools, and its AMPP partner logic 
functions, and any output files from any of the foregoing 
(including device programming or simulation files), and any 
associated documentation or information are expressly subject 
to the terms and conditions of the Altera Program License 
Subscription Agreement, Altera MegaCore Function License 
Agreement, or other applicable license agreement, including, 
without limitation, that your use is for the sole purpose of 
programming logic devices manufactured by Altera and sold by 
Altera or its authorized distributors.  Please refer to the 
applicable agreement for further details.



+----------------------------------------------------------------------------------+
; Flow Summary                                                                     ;
+------------------------------------+---------------------------------------------+
; Flow Status                        ; Successful - Fri Mar 27 16:12:09 2015       ;
; Quartus II 32-bit Version          ; 13.0.0 Build 156 04/24/2013 SJ Full Version ;
; Revision Name                      ; VGAlogic                                    ;
; Top-level Entity Name              ; VGAlogic                                    ;
; Family                             ; Cyclone IV E                                ;
; Device                             ; EP4CE22F17C6                                ;
; Timing Models                      ; Final                                       ;
; Total logic elements               ; 936 / 22,320 ( 4 % )                        ;
;     Total combinational functions  ; 682 / 22,320 ( 3 % )                        ;
;     Dedicated logic registers      ; 533 / 22,320 ( 2 % )                        ;
; Total registers                    ; 533                                         ;
; Total pins                         ; 75 / 154 ( 49 % )                           ;
; Total virtual pins                 ; 0                                           ;
; Total memory bits                  ; 0 / 608,256 ( 0 % )                         ;
; Embedded Multiplier 9-bit elements ; 0 / 132 ( 0 % )                             ;
; Total PLLs                         ; 0 / 4 ( 0 % )                               ;
+------------------------------------+---------------------------------------------+


+-----------------------------------------+
; Flow Settings                           ;
+-------------------+---------------------+
; Option            ; Setting             ;
+-------------------+---------------------+
; Start date & time ; 03/27/2015 16:11:43 ;
; Main task         ; Compilation         ;
; Revision Name     ; VGAlogic            ;
+-------------------+---------------------+


+------------------------------------------------------------------------------------------------------------------+
; Flow Non-Default Global Settings                                                                                 ;
+-------------------------------------+---------------------------------+---------------+-------------+------------+
; Assignment Name                     ; Value                           ; Default Value ; Entity Name ; Section Id ;
+-------------------------------------+---------------------------------+---------------+-------------+------------+
; COMPILER_SIGNATURE_ID               ; 233669374235815.142748710202696 ; --            ; --          ; --         ;
; PARTITION_COLOR                     ; 16764057                        ; --            ; --          ; Top        ;
; PARTITION_FITTER_PRESERVATION_LEVEL ; PLACEMENT_AND_ROUTING           ; --            ; --          ; Top        ;
; PARTITION_NETLIST_TYPE              ; SOURCE                          ; --            ; --          ; Top        ;
+-------------------------------------+---------------------------------+---------------+-------------+------------+


+-------------------------------------------------------------------------------------------------------------------------------+
; Flow Elapsed Time                                                                                                             ;
+---------------------------+--------------+-------------------------+---------------------+------------------------------------+
; Module Name               ; Elapsed Time ; Average Processors Used ; Peak Virtual Memory ; Total CPU Time (on all processors) ;
+---------------------------+--------------+-------------------------+---------------------+------------------------------------+
; Analysis & Synthesis      ; 00:00:05     ; 1.0                     ; 344 MB              ; 00:00:05                           ;
; Fitter                    ; 00:00:16     ; 1.2                     ; 584 MB              ; 00:00:16                           ;
; Assembler                 ; 00:00:03     ; 1.0                     ; 347 MB              ; 00:00:03                           ;
; TimeQuest Timing Analyzer ; 00:00:04     ; 1.3                     ; 400 MB              ; 00:00:04                           ;
; Total                     ; 00:00:28     ; --                      ; --                  ; 00:00:28                           ;
+---------------------------+--------------+-------------------------+---------------------+------------------------------------+


+----------------------------------------------------------------------------------------+
; Flow OS Summary                                                                        ;
+---------------------------+------------------+-----------+------------+----------------+
; Module Name               ; Machine Hostname ; OS Name   ; OS Version ; Processor type ;
+---------------------------+------------------+-----------+------------+----------------+
; Analysis & Synthesis      ; PH427-04         ; Windows 7 ; 6.1        ; i1686          ;
; Fitter                    ; PH427-04         ; Windows 7 ; 6.1        ; i1686          ;
; Assembler                 ; PH427-04         ; Windows 7 ; 6.1        ; i1686          ;
; TimeQuest Timing Analyzer ; PH427-04         ; Windows 7 ; 6.1        ; i1686          ;
+---------------------------+------------------+-----------+------------+----------------+


------------
; Flow Log ;
------------
quartus_map --read_settings_files=on --write_settings_files=off VGAlogic -c VGAlogic
quartus_fit --read_settings_files=off --write_settings_files=off VGAlogic -c VGAlogic
quartus_asm --read_settings_files=off --write_settings_files=off VGAlogic -c VGAlogic
quartus_sta VGAlogic -c VGAlogic



